DEBUG_CONFIG_NAME: anemoi-training-rrfs-lam-neural-lam-verify-plot
DEBUG_PLOTS_DIR: /scratch3/NCEPDEV/fv3-cam/Ting.Lei/tlei-anemoi-training/verify/plots/plots
DEBUG_DATASET_PATH: /scratch3/NCEPDEV/fv3-cam/Ting.Lei/dr-anemoi-core/anemoi-core/test-20km-bcmask-time-s.zarr
DEBUG_DATASET_LEN: 24
DEBUG_DATASET_START: 2024-05-05T00:00:00
DEBUG_DATASET_END: 2024-05-05T23:00:00
2026-02-01 21:38:46 INFO Running anemoi training command with overrides: ['--config-path', '/scratch3/NCEPDEV/fv3-cam/Ting.Lei/dr-anemoi-core/anemoi-core/training/docs/user-guide/examples', '--config-name', 'anemoi-training-rrfs-lam-neural-lam-verify-plot', 'system.input.warm_start=/scratch3/NCEPDEV/fv3-cam/Ting.Lei/tlei-anemoi-training/checkpoint/0b1d843b-20a4-492d-a9ed-0a021e9d0370/inference-anemoi-by_epoch-epoch_2233-step_044680.ckpt', 'dataloader.training.datasets.data.start=2024-05-05T00:00:00', 'dataloader.training.datasets.data.end=2024-05-05T23:00:00', 'dataloader.validation.datasets.data.start=2024-05-05T00:00:00', 'dataloader.validation.datasets.data.end=2024-05-05T23:00:00', 'dataloader.test.datasets.data.start=2024-05-05T00:00:00', 'dataloader.test.datasets.data.end=2024-05-05T23:00:00', 'data.frequency=1h', 'dataloader.training.datasets.data.frequency=1h', 'dataloader.validation.datasets.data.frequency=1h', 'dataloader.test.datasets.data.frequency=1h', 'training.multistep_input=2', 'training.rollout.start=2', 'training.rollout.max=2', 'dataloader.validation_rollout=2', 'training.num_sanity_val_steps=0', '--cfg', 'job']
2026-02-01 21:41:09 INFO Prepending current user directory (/scratch3/NCEPDEV/fv3-cam/Ting.Lei/dr-anemoi-core/anemoi-core) to the search path.
2026-02-01 21:41:09 INFO Search path is now: [provider=anemoi-cwd-searchpath-plugin, path=/scratch3/NCEPDEV/fv3-cam/Ting.Lei/dr-anemoi-core/anemoi-core, provider=hydra, path=pkg://hydra.conf, provider=main, path=/scratch3/NCEPDEV/fv3-cam/Ting.Lei/dr-anemoi-core/anemoi-core/training/docs/user-guide/examples, provider=anemoi-package-searchpath-plugin, path=pkg://anemoi.training/config]
DEBUG_CONFIG_SAVED: /scratch3/NCEPDEV/fv3-cam/Ting.Lei/tmp-verify-resolved.yaml
2026-02-01 21:41:11 INFO Running anemoi training command with overrides: ['--config-path', '/scratch3/NCEPDEV/fv3-cam/Ting.Lei/dr-anemoi-core/anemoi-core/training/docs/user-guide/examples', '--config-name', 'anemoi-training-rrfs-lam-neural-lam-verify-plot', 'system.input.warm_start=/scratch3/NCEPDEV/fv3-cam/Ting.Lei/tlei-anemoi-training/checkpoint/0b1d843b-20a4-492d-a9ed-0a021e9d0370/inference-anemoi-by_epoch-epoch_2233-step_044680.ckpt', 'dataloader.training.datasets.data.start=2024-05-05T00:00:00', 'dataloader.training.datasets.data.end=2024-05-05T23:00:00', 'dataloader.validation.datasets.data.start=2024-05-05T00:00:00', 'dataloader.validation.datasets.data.end=2024-05-05T23:00:00', 'dataloader.test.datasets.data.start=2024-05-05T00:00:00', 'dataloader.test.datasets.data.end=2024-05-05T23:00:00', 'data.frequency=1h', 'dataloader.training.datasets.data.frequency=1h', 'dataloader.validation.datasets.data.frequency=1h', 'dataloader.test.datasets.data.frequency=1h', 'training.multistep_input=2', 'training.rollout.start=2', 'training.rollout.max=2', 'dataloader.validation_rollout=2', 'training.num_sanity_val_steps=0']
2026-02-01 21:41:18 INFO Prepending current user directory (/scratch3/NCEPDEV/fv3-cam/Ting.Lei/dr-anemoi-core/anemoi-core) to the search path.
2026-02-01 21:41:18 INFO Search path is now: [provider=anemoi-cwd-searchpath-plugin, path=/scratch3/NCEPDEV/fv3-cam/Ting.Lei/dr-anemoi-core/anemoi-core, provider=hydra, path=pkg://hydra.conf, provider=main, path=/scratch3/NCEPDEV/fv3-cam/Ting.Lei/dr-anemoi-core/anemoi-core/training/docs/user-guide/examples, provider=anemoi-package-searchpath-plugin, path=pkg://anemoi.training/config]
[2026-02-01 21:41:19,425][anemoi.training.train.train][INFO] - Config validated.
[2026-02-01 21:41:19,426][anemoi.training.train.train][INFO] - Starting from checkpoint: True
[2026-02-01 21:41:19,427][anemoi.training.train.train][INFO] - Run id: 71718181-39ff-4e63-8c1d-354dbc9ad06b
[2026-02-01 21:41:19,427][anemoi.training.train.train][INFO] - Checkpoints path: root=PosixPath('/scratch3/NCEPDEV/fv3-cam/Ting.Lei/tlei-anemoi-training/verify/checkpoint/71718181-39ff-4e63-8c1d-354dbc9ad06b') every_n_epochs='anemoi-by_epoch-epoch_{epoch:03d}-step_{step:06d}' every_n_train_steps='anemoi-by_step-epoch_{epoch:03d}-step_{step:06d}' every_n_minutes='anemoi-by_time-epoch_{epoch:03d}-step_{step:06d}'
[2026-02-01 21:41:19,427][anemoi.training.train.train][INFO] - Plots path: /scratch3/NCEPDEV/fv3-cam/Ting.Lei/tlei-anemoi-training/verify/plots/71718181-39ff-4e63-8c1d-354dbc9ad06b
[2026-02-01 21:41:19,499][anemoi.training.train.train][INFO] - Creating graph for dataset 'data'
[2026-02-01 21:41:30,701][anemoi.training.train.train][INFO] - Loading graph data from /scratch3/NCEPDEV/fv3-cam/Ting.Lei/tlei-anemoi-training/graphs/rrfs-3km-lam-graph-20km_data.pt
[2026-02-01 21:41:30,976][anemoi.training.data.datamodule][INFO] - Initializing multi-dataset module with datasets: ['data']
[2026-02-01 21:41:30,977][anemoi.training.data.datamodule][WARNING] - Falling back rollout to: 2
[2026-02-01 21:41:30,977][anemoi.training.data.datamodule][INFO] - Timeincrement set to 1 for data with frequency, 3600, and timestep, 3600
[2026-02-01 21:41:30,979][anemoi.training.data.dataset][INFO] - Creating NativeGridDataset...
[2026-02-01 21:41:31,053][anemoi.training.data.multidataset][INFO] - Timeincrement set to 1 for data with frequency, 3600, and timestep, 3600
[2026-02-01 21:41:31,054][anemoi.training.data.multidataset][INFO] - MultiDataset initialized with 1 datasets (data), 21 valid indices each
[2026-02-01 21:41:31,055][anemoi.training.train.train][INFO] - Dataset 'data' - Number of variables: 45
[2026-02-01 21:41:31,055][anemoi.training.train.train][INFO] - Dataset 'data' - Variables: ['clmr_200', 'clmr_500', 'clmr_850', 'clmr_925', 'grle_200', 'grle_500', 'grle_850', 'grle_925', 'height_200', 'height_500', 'height_850', 'height_925', 'icmr_200', 'icmr_500', 'icmr_850', 'icmr_925', 'landcover', 'orography', 'pres_0g', 'refc', 'rwmr_200', 'rwmr_500', 'rwmr_850', 'rwmr_925', 'snmr_200', 'snmr_500', 'snmr_850', 'snmr_925', 'sphum_200', 'sphum_500', 'sphum_850', 'sphum_925', 'swdown', 'temp_200', 'temp_500', 'temp_850', 'temp_925', 'ugrd_200', 'ugrd_500', 'ugrd_850', 'ugrd_925', 'vgrd_200', 'vgrd_500', 'vgrd_850', 'vgrd_925']
[2026-02-01 21:41:31,056][anemoi.training.train.train][INFO] - Dataset 'data' - Total number of prognostic variables: 42
[2026-02-01 21:41:31,056][anemoi.training.train.train][INFO] - Dataset 'data' - Total number of auxiliary variables: 3
[2026-02-01 21:41:31,057][anemoi.training.train.train][INFO] - Total GPU count / model group size: 1 - NB: the learning rate will be scaled by this factor!
[2026-02-01 21:41:31,057][anemoi.training.train.train][INFO] - Effective learning rate: 6.250e-05
[2026-02-01 21:41:31,057][anemoi.training.train.train][INFO] - Training limits: max_epochs=1, max_steps=1. Training will stop when either limit is reached first. Learning rate scheduler will run for 1 steps.
/scratch3/NCEPDEV/fv3-cam/Ting.Lei/dr-miniconda3/envs/anemoi-training-env-python3.12/lib/python3.12/site-packages/pydantic/main.py:463: UserWarning: Pydantic serializer warnings:
  PydanticSerializationUnexpectedValue(Expected `int` - serialized value may not be as expected [input_value={'data': 45}, input_type=dict])
  return self.__pydantic_serializer__.to_python(
[2026-02-01 21:41:31,412][anemoi.training.diagnostics.plots][WARNING] - Datashader unavailable (Numba needs NumPy 2.2 or less. Got NumPy 2.3.). Falling back to matplotlib plots.
[2026-02-01 21:41:31,442][anemoi.training.diagnostics.callbacks.plot][INFO] - Using defined accumulation colormap for fields: []
[2026-02-01 21:41:31,447][anemoi.training.diagnostics.callbacks.plot][INFO] - Using precip histogram plotting method for fields: [].
[2026-02-01 21:41:31,452][anemoi.training.diagnostics.callbacks.plot][INFO] - ('Setting up callback for plots with long rollout: rollout for plots = [2], ', 'rollout for video = 2, frequency = every 1 epoch.')
[2026-02-01 21:41:31,453][anemoi.training.diagnostics.callbacks][INFO] - Using progress bar: <class 'pytorch_lightning.callbacks.progress.tqdm_progress.TQDMProgressBar'>
[2026-02-01 21:41:31,542][anemoi.models.migrations.migrator][INFO] - Loading migration 1755530253_initial
[2026-02-01 21:41:31,542][anemoi.models.migrations.migrator][INFO] - Loading migration 1762857427_deprecate_eda
[2026-02-01 21:41:31,542][anemoi.models.migrations.migrator][INFO] - Loading migration 1762857428_chunking_fix
[2026-02-01 21:41:31,542][anemoi.models.migrations.migrator][INFO] - Loading migration 1763479917_hardware_schema_update
[2026-02-01 21:41:31,542][anemoi.models.migrations.migrator][INFO] - Loading migration 1763479918_refactor_mapper
[2026-02-01 21:41:31,542][anemoi.models.migrations.migrator][INFO] - Loading migration 1767108147_move_to_multiple_datasets
/scratch3/NCEPDEV/fv3-cam/Ting.Lei/dr-miniconda3/envs/anemoi-training-env-python3.12/lib/python3.12/site-packages/pydantic/main.py:463: UserWarning: Pydantic serializer warnings:
  PydanticSerializationUnexpectedValue(Expected `int` - serialized value may not be as expected [input_value={'data': 45}, input_type=dict])
  return self.__pydantic_serializer__.to_python(
/scratch3/NCEPDEV/fv3-cam/Ting.Lei/dr-miniconda3/envs/anemoi-training-env-python3.12/lib/python3.12/site-packages/lightning_fabric/plugins/environments/slurm.py:204: The `srun` command is available on your system but is not used. HINT: If your intention is to run Lightning on SLURM, prepend your python command with `srun` like so: srun python3.12 /scratch3/NCEPDEV/fv3-cam/Ting.Lei/dr-miniconda3 ...
/scratch3/NCEPDEV/fv3-cam/Ting.Lei/dr-miniconda3/envs/anemoi-training-env-python3.12/lib/python3.12/site-packages/pytorch_lightning/trainer/connectors/accelerator_connector.py:513: You passed `Trainer(accelerator='cpu', precision='16-mixed')` but AMP with fp16 is not supported on CPU. Using `precision='bf16-mixed'` instead.
[2026-02-01 21:41:31,610][pytorch_lightning.utilities.rank_zero][INFO] - Using bfloat16 Automatic Mixed Precision (AMP)
[2026-02-01 21:41:31,644][pytorch_lightning.utilities.rank_zero][INFO] - GPU available: False, used: False
[2026-02-01 21:41:31,644][pytorch_lightning.utilities.rank_zero][INFO] - TPU available: False, using: 0 TPU cores
[2026-02-01 21:41:31,644][pytorch_lightning.utilities.rank_zero][INFO] - HPU available: False, using: 0 HPUs
[2026-02-01 21:41:31,644][pytorch_lightning.utilities.rank_zero][INFO] - `Trainer(limit_train_batches=1)` was configured so 1 batch per epoch will be used.
[2026-02-01 21:41:31,681][lightning_fabric.utilities.seed][INFO] - Seed set to 12345
[2026-02-01 21:41:31,831][anemoi.training.train.train][INFO] - Initial seed: Rank 0, initial seed 12345, running with random seed: 12345
/scratch3/NCEPDEV/fv3-cam/Ting.Lei/dr-miniconda3/envs/anemoi-training-env-python3.12/lib/python3.12/site-packages/anemoi/utils/provenance.py:143: UserWarning: The '__version__' attribute is deprecated and will be removed in MarkupSafe 3.1. Use feature detection, or `importlib.metadata.version("markupsafe")`, instead.
  versions[name] = str(module.__version__)
[2026-02-01 21:44:37,349][anemoi.training.data.datamodule][WARNING] - Falling back rollout to: 2
[2026-02-01 21:44:37,555][anemoi.models.preprocessing.normalizer][INFO] - Normalizing: icmr_850 is not normalized.
[2026-02-01 21:44:37,555][anemoi.models.preprocessing.normalizer][INFO] - Normalizing: icmr_925 is not normalized.
[2026-02-01 21:44:37,555][anemoi.models.preprocessing.normalizer][INFO] - Normalizing: landcover is not normalized.
[2026-02-01 21:44:37,555][anemoi.models.preprocessing.normalizer][INFO] - Normalizing: orography is not normalized.
[2026-02-01 21:44:37,556][anemoi.models.preprocessing.normalizer][INFO] - Normalizing: refc is not normalized.
[2026-02-01 21:44:37,556][anemoi.models.preprocessing.normalizer][INFO] - Normalizing: snmr_850 is not normalized.
[2026-02-01 21:44:37,556][anemoi.models.preprocessing.normalizer][INFO] - Normalizing: snmr_925 is not normalized.
[2026-02-01 21:44:37,556][anemoi.models.preprocessing.normalizer][INFO] - Normalizing: swdown is not normalized.
[2026-02-01 21:44:37,645][anemoi.models.layers.utils][INFO] - Linear kernel: torch.nn.Linear.
[2026-02-01 21:44:37,645][anemoi.models.layers.utils][INFO] - LayerNorm kernel: torch.nn.LayerNorm.
[2026-02-01 21:44:37,646][anemoi.models.layers.utils][INFO] - Activation kernel: torch.nn.GELU.
[2026-02-01 21:44:37,647][anemoi.models.layers.utils][INFO] - QueryNorm kernel: anemoi.models.layers.normalization.AutocastLayerNorm.
[2026-02-01 21:44:37,648][anemoi.models.layers.utils][INFO] - KeyNorm kernel: anemoi.models.layers.normalization.AutocastLayerNorm.
[2026-02-01 21:44:37,713][anemoi.models.layers.block][WARNING] - GraphTransformerMapperBlock requested the triton graph attention backend but triton is not available. Falling back to 'pyg' backend.
[2026-02-01 21:44:37,777][anemoi.models.layers.utils][INFO] - Linear kernel: torch.nn.Linear.
[2026-02-01 21:44:37,777][anemoi.models.layers.utils][INFO] - LayerNorm kernel: torch.nn.LayerNorm.
[2026-02-01 21:44:37,778][anemoi.models.layers.utils][INFO] - Activation kernel: torch.nn.GELU.
[2026-02-01 21:44:37,778][anemoi.models.layers.utils][INFO] - QueryNorm kernel: anemoi.models.layers.normalization.AutocastLayerNorm.
[2026-02-01 21:44:37,779][anemoi.models.layers.utils][INFO] - KeyNorm kernel: anemoi.models.layers.normalization.AutocastLayerNorm.
[2026-02-01 21:44:37,843][anemoi.models.layers.block][WARNING] - GraphTransformerProcessorBlock requested the triton graph attention backend but triton is not available. Falling back to 'pyg' backend.
[2026-02-01 21:44:37,909][anemoi.models.layers.block][WARNING] - GraphTransformerProcessorBlock requested the triton graph attention backend but triton is not available. Falling back to 'pyg' backend.
[2026-02-01 21:44:37,977][anemoi.models.layers.block][WARNING] - GraphTransformerProcessorBlock requested the triton graph attention backend but triton is not available. Falling back to 'pyg' backend.
[2026-02-01 21:44:38,043][anemoi.models.layers.block][WARNING] - GraphTransformerProcessorBlock requested the triton graph attention backend but triton is not available. Falling back to 'pyg' backend.
[2026-02-01 21:44:38,108][anemoi.models.layers.block][WARNING] - GraphTransformerProcessorBlock requested the triton graph attention backend but triton is not available. Falling back to 'pyg' backend.
[2026-02-01 21:44:38,172][anemoi.models.layers.block][WARNING] - GraphTransformerProcessorBlock requested the triton graph attention backend but triton is not available. Falling back to 'pyg' backend.
[2026-02-01 21:44:38,236][anemoi.models.layers.block][WARNING] - GraphTransformerProcessorBlock requested the triton graph attention backend but triton is not available. Falling back to 'pyg' backend.
[2026-02-01 21:44:38,299][anemoi.models.layers.block][WARNING] - GraphTransformerProcessorBlock requested the triton graph attention backend but triton is not available. Falling back to 'pyg' backend.
[2026-02-01 21:44:38,363][anemoi.models.layers.block][WARNING] - GraphTransformerProcessorBlock requested the triton graph attention backend but triton is not available. Falling back to 'pyg' backend.
[2026-02-01 21:44:38,428][anemoi.models.layers.block][WARNING] - GraphTransformerProcessorBlock requested the triton graph attention backend but triton is not available. Falling back to 'pyg' backend.
[2026-02-01 21:44:38,492][anemoi.models.layers.block][WARNING] - GraphTransformerProcessorBlock requested the triton graph attention backend but triton is not available. Falling back to 'pyg' backend.
[2026-02-01 21:44:38,556][anemoi.models.layers.block][WARNING] - GraphTransformerProcessorBlock requested the triton graph attention backend but triton is not available. Falling back to 'pyg' backend.
[2026-02-01 21:44:38,624][anemoi.models.layers.block][WARNING] - GraphTransformerProcessorBlock requested the triton graph attention backend but triton is not available. Falling back to 'pyg' backend.
[2026-02-01 21:44:38,688][anemoi.models.layers.block][WARNING] - GraphTransformerProcessorBlock requested the triton graph attention backend but triton is not available. Falling back to 'pyg' backend.
[2026-02-01 21:44:38,752][anemoi.models.layers.block][WARNING] - GraphTransformerProcessorBlock requested the triton graph attention backend but triton is not available. Falling back to 'pyg' backend.
[2026-02-01 21:44:38,817][anemoi.models.layers.block][WARNING] - GraphTransformerProcessorBlock requested the triton graph attention backend but triton is not available. Falling back to 'pyg' backend.
[2026-02-01 21:44:38,840][anemoi.models.layers.utils][INFO] - Linear kernel: torch.nn.Linear.
[2026-02-01 21:44:38,840][anemoi.models.layers.utils][INFO] - LayerNorm kernel: torch.nn.LayerNorm.
[2026-02-01 21:44:38,841][anemoi.models.layers.utils][INFO] - Activation kernel: torch.nn.GELU.
[2026-02-01 21:44:38,841][anemoi.models.layers.utils][INFO] - QueryNorm kernel: anemoi.models.layers.normalization.AutocastLayerNorm.
[2026-02-01 21:44:38,842][anemoi.models.layers.utils][INFO] - KeyNorm kernel: anemoi.models.layers.normalization.AutocastLayerNorm.
[2026-02-01 21:44:38,906][anemoi.models.layers.block][WARNING] - GraphTransformerMapperBlock requested the triton graph attention backend but triton is not available. Falling back to 'pyg' backend.
[2026-02-01 21:44:39,000][anemoi.training.losses.scalers.variable_level][INFO] - Variable Level Scaling: Applying ReluVariableLevelScaler scaling to pl variables ({'param': ['q', 't', 'u', 'v', 'w', 'z']})
[2026-02-01 21:44:39,000][anemoi.training.losses.scalers.variable_level][INFO] - with slope = 0.001 and y-intercept/minimum = 0.2.
/scratch3/NCEPDEV/fv3-cam/Ting.Lei/dr-anemoi-core/anemoi-core/training/src/anemoi/training/losses/scalers/variable_tendency.py:57: UserWarning: Dataset has no tendency statistics! Are you sure you want to use a tendency scaler?
  warnings.warn("Dataset has no tendency statistics! Are you sure you want to use a tendency scaler?")
[2026-02-01 21:44:39,035][anemoi.training.train.train][INFO] - Resuming training from last checkpoint: /scratch3/NCEPDEV/fv3-cam/Ting.Lei/tlei-anemoi-training/checkpoint/0b1d843b-20a4-492d-a9ed-0a021e9d0370/inference-anemoi-by_epoch-epoch_2233-step_044680.ckpt
[2026-02-01 21:44:39,035][anemoi.training.train.train][INFO] - Restoring only model weights from /scratch3/NCEPDEV/fv3-cam/Ting.Lei/tlei-anemoi-training/checkpoint/0b1d843b-20a4-492d-a9ed-0a021e9d0370/inference-anemoi-by_epoch-epoch_2233-step_044680.ckpt
[2026-02-01 21:44:40,132][anemoi.training.train.train][INFO] - Warm start ckpt type: AnemoiModelInterface
[2026-02-01 21:44:40,135][anemoi.models.data_indices.collection][INFO] - No variable order to compare. Skipping variable order check.
[2026-02-01 21:44:40,135][anemoi.training.train.train][INFO] - The following submodules will NOT be trained: []
/scratch3/NCEPDEV/fv3-cam/Ting.Lei/dr-miniconda3/envs/anemoi-training-env-python3.12/lib/python3.12/site-packages/pydantic/main.py:463: UserWarning: Pydantic serializer warnings:
  PydanticSerializationUnexpectedValue(Expected `int` - serialized value may not be as expected [input_value={'data': 45}, input_type=dict])
  return self.__pydantic_serializer__.to_python(
[2026-02-01 21:44:47,453][anemoi.models.utils.compile][INFO] - The following modules will be compiled: ['anemoi.models.layers.conv.GraphTransformerConv']
[2026-02-01 21:44:47,454][anemoi.training.train.train][INFO] - Recompile limit set to 32
/scratch3/NCEPDEV/fv3-cam/Ting.Lei/dr-miniconda3/envs/anemoi-training-env-python3.12/lib/python3.12/site-packages/lightning_fabric/plugins/environments/slurm.py:204: The `srun` command is available on your system but is not used. HINT: If your intention is to run Lightning on SLURM, prepend your python command with `srun` like so: srun python3.12 /scratch3/NCEPDEV/fv3-cam/Ting.Lei/dr-miniconda3 ...
[2026-02-01 21:44:47,532][lightning_fabric.utilities.distributed][INFO] - Initializing distributed: GLOBAL_RANK: 0, MEMBER: 1/1
[2026-02-01 21:44:47,541][pytorch_lightning.utilities.rank_zero][INFO] - ----------------------------------------------------------------------------------------------------
distributed_backend=gloo
All distributed processes registered. Starting with 1 processes
----------------------------------------------------------------------------------------------------

[2026-02-01 21:45:02,207][timm.scheduler.cosine_lr][WARNING] - Cosine annealing scheduler will have no effect on the learning rate since t_initial = t_mul = eta_mul = 1.
[2026-02-01 21:45:02,401][lightning_fabric.utilities.seed][INFO] - [rank: 0] Seed set to 12345
[2026-02-01 21:45:02,410][pytorch_lightning.callbacks.model_summary][INFO] - 
  | Name    | Type                 | Params | Mode 
---------------------------------------------------------
0 | model   | AnemoiModelInterface | 255 M  | train
1 | loss    | ModuleDict           | 0      | train
2 | metrics | ModuleDict           | 0      | train
---------------------------------------------------------
255 M     Trainable params
0         Non-trainable params
255 M     Total params
1,022.769 Total estimated model params size (MB)
344       Modules in train mode
0         Modules in eval mode
[2026-02-01 21:45:02,417][anemoi.training.data.multidataset][INFO] - NativeGridDataset.set_group_info(): global_rank 0, model_comm_group_id 0, model_comm_group_rank 0, model_comm_num_groups 1, reader_group_rank 0, sample_comm_group_id 0, sample_comm_num_groups 1
/scratch3/NCEPDEV/fv3-cam/Ting.Lei/dr-miniconda3/envs/anemoi-training-env-python3.12/lib/python3.12/site-packages/torch/utils/data/dataloader.py:665: UserWarning: 'pin_memory' argument is set as true but no accelerator is found, then device pinned memory won't be used.
  warnings.warn(warn_msg)
[2026-02-01 21:45:02,689][anemoi.training.data.multidataset][INFO] - Worker 0 (pid 2217555, global_rank 0, model comm group 0)  has low/high range 0 / 3
[2026-02-01 21:45:02,689][anemoi.training.data.multidataset][INFO] - Worker 1 (pid 2217851, global_rank 0, model comm group 0)  has low/high range 3 / 6
[2026-02-01 21:45:02,689][anemoi.training.data.multidataset][INFO] - Worker 5 (pid 2218676, global_rank 0, model comm group 0)  has low/high range 15 / 17
[2026-02-01 21:45:02,689][anemoi.training.data.multidataset][INFO] - Worker 2 (pid 2218092, global_rank 0, model comm group 0)  has low/high range 6 / 9
[2026-02-01 21:45:02,689][anemoi.training.data.multidataset][INFO] - Worker 4 (pid 2218585, global_rank 0, model comm group 0)  has low/high range 12 / 15
[2026-02-01 21:45:02,689][anemoi.training.data.multidataset][INFO] - Worker 3 (pid 2218311, global_rank 0, model comm group 0)  has low/high range 9 / 12
[2026-02-01 21:45:02,693][anemoi.training.data.multidataset][INFO] - Worker 6 (pid 2218708, global_rank 0, model comm group 0)  has low/high range 17 / 19
[2026-02-01 21:45:02,695][anemoi.training.data.multidataset][INFO] - Worker 0 (training, pid 2217555, base_seed 12345, sanity rnd 0.227336)
[2026-02-01 21:45:02,695][anemoi.training.data.multidataset][INFO] - Worker 1 (training, pid 2217851, base_seed 12345, sanity rnd 0.227336)
[2026-02-01 21:45:02,695][anemoi.training.data.multidataset][INFO] - Worker 4 (training, pid 2218585, base_seed 12345, sanity rnd 0.227336)
[2026-02-01 21:45:02,695][anemoi.training.data.multidataset][INFO] - Worker 2 (training, pid 2218092, base_seed 12345, sanity rnd 0.227336)
[2026-02-01 21:45:02,695][anemoi.training.data.multidataset][INFO] - Worker 5 (training, pid 2218676, base_seed 12345, sanity rnd 0.227336)
[2026-02-01 21:45:02,695][anemoi.training.data.multidataset][INFO] - Worker 3 (training, pid 2218311, base_seed 12345, sanity rnd 0.227336)
[2026-02-01 21:45:02,695][anemoi.training.data.multidataset][INFO] - Worker 6 (training, pid 2218708, base_seed 12345, sanity rnd 0.227336)
[2026-02-01 21:45:02,728][anemoi.training.data.multidataset][INFO] - Worker 7 (pid 2218781, global_rank 0, model comm group 0)  has low/high range 19 / 21
[2026-02-01 21:45:02,730][anemoi.training.data.multidataset][INFO] - Worker 7 (training, pid 2218781, base_seed 12345, sanity rnd 0.227336)
[2026-02-01 21:45:02,729][anemoi.training.data.datamodule][WARNING] - Falling back rollout to: 2
[2026-02-01 21:45:02,732][anemoi.training.data.dataset][INFO] - Creating NativeGridDataset...
[2026-02-01 21:45:02,737][anemoi.training.data.multidataset][INFO] - Timeincrement set to 1 for data with frequency, 3600, and timestep, 3600
[2026-02-01 21:45:02,737][anemoi.training.data.multidataset][INFO] - MultiDataset initialized with 1 datasets (data), 21 valid indices each
[2026-02-01 21:45:02,738][anemoi.training.data.multidataset][INFO] - NativeGridDataset.set_group_info(): global_rank 0, model_comm_group_id 0, model_comm_group_rank 0, model_comm_num_groups 1, reader_group_rank 0, sample_comm_group_id 0, sample_comm_num_groups 1
Training: |          | 0/? [00:00<?, ?it/s][2026-02-01 21:45:02,741][anemoi.models.data_indices.collection][INFO] - The order of the variables in the model matches the order in the data.
Training:   0%|          | 0/1 [00:00<?, ?it/s]Epoch 0:   0%|          | 0/1 [00:00<?, ?it/s] /scratch3/NCEPDEV/fv3-cam/Ting.Lei/dr-miniconda3/envs/anemoi-training-env-python3.12/lib/python3.12/site-packages/pytorch_lightning/trainer/connectors/data_connector.py:369: You have overridden `transfer_batch_to_device` in `LightningModule` but have passed in a `LightningDataModule`. It will use the implementation from `LightningModule` instance.
/scratch3/NCEPDEV/fv3-cam/Ting.Lei/dr-miniconda3/envs/anemoi-training-env-python3.12/lib/python3.12/site-packages/pytorch_lightning/trainer/connectors/data_connector.py:369: You have overridden `on_after_batch_transfer` in `LightningModule` but have passed in a `LightningDataModule`. It will use the implementation from `LightningModule` instance.
No ROCm runtime is found, using ROCM_HOME='/opt/rocm'
Epoch 0: 100%|██████████| 1/1 [12:58<00:00,  0.00it/s]Epoch 0: 100%|██████████| 1/1 [12:58<00:00,  0.00it/s, train_multi_dataset_loss_step=1.080]/scratch3/NCEPDEV/fv3-cam/Ting.Lei/dr-miniconda3/envs/anemoi-training-env-python3.12/lib/python3.12/site-packages/torch/utils/data/dataloader.py:665: UserWarning: 'pin_memory' argument is set as true but no accelerator is found, then device pinned memory won't be used.
  warnings.warn(warn_msg)
[2026-02-01 21:58:04,813][anemoi.training.data.multidataset][INFO] - Worker 3 (pid 2297744, global_rank 0, model comm group 0)  has low/high range 9 / 12
[2026-02-01 21:58:04,813][anemoi.training.data.multidataset][INFO] - Worker 0 (pid 2297741, global_rank 0, model comm group 0)  has low/high range 0 / 3
[2026-02-01 21:58:04,813][anemoi.training.data.multidataset][INFO] - Worker 2 (pid 2297743, global_rank 0, model comm group 0)  has low/high range 6 / 9
[2026-02-01 21:58:04,813][anemoi.training.data.multidataset][INFO] - Worker 1 (pid 2297742, global_rank 0, model comm group 0)  has low/high range 3 / 6
[2026-02-01 21:58:04,858][anemoi.training.data.multidataset][INFO] - Worker 4 (pid 2297745, global_rank 0, model comm group 0)  has low/high range 12 / 15
[2026-02-01 21:58:04,946][anemoi.training.data.multidataset][INFO] - Worker 5 (pid 2297750, global_rank 0, model comm group 0)  has low/high range 15 / 17
[2026-02-01 21:58:04,991][anemoi.training.data.multidataset][INFO] - Worker 5 (validation, pid 2297750, base_seed 12345, sanity rnd 0.227336)
[2026-02-01 21:58:04,991][anemoi.training.data.multidataset][INFO] - Worker 0 (validation, pid 2297741, base_seed 12345, sanity rnd 0.227336)
[2026-02-01 21:58:04,991][anemoi.training.data.multidataset][INFO] - Worker 3 (validation, pid 2297744, base_seed 12345, sanity rnd 0.227336)
[2026-02-01 21:58:04,991][anemoi.training.data.multidataset][INFO] - Worker 1 (validation, pid 2297742, base_seed 12345, sanity rnd 0.227336)
[2026-02-01 21:58:04,991][anemoi.training.data.multidataset][INFO] - Worker 4 (validation, pid 2297745, base_seed 12345, sanity rnd 0.227336)
[2026-02-01 21:58:04,991][anemoi.training.data.multidataset][INFO] - Worker 2 (validation, pid 2297743, base_seed 12345, sanity rnd 0.227336)
[2026-02-01 21:58:05,034][anemoi.training.data.multidataset][INFO] - Worker 6 (pid 2297751, global_rank 0, model comm group 0)  has low/high range 17 / 19
[2026-02-01 21:58:05,036][anemoi.training.data.multidataset][INFO] - Worker 6 (validation, pid 2297751, base_seed 12345, sanity rnd 0.227336)
[2026-02-01 21:58:05,122][anemoi.training.data.multidataset][INFO] - Worker 7 (pid 2297752, global_rank 0, model comm group 0)  has low/high range 19 / 21
[2026-02-01 21:58:05,125][anemoi.training.data.multidataset][INFO] - Worker 7 (validation, pid 2297752, base_seed 12345, sanity rnd 0.227336)

Validation: |          | 0/? [00:00<?, ?it/s][A[2026-02-01 21:58:07,042][anemoi.models.data_indices.collection][INFO] - The order of the variables in the model matches the order in the data.

Validation: |          | 0/? [00:00<?, ?it/s][A
Validation DataLoader 0: |          | 0/? [00:00<?, ?it/s][A[2026-02-01 22:08:48,726][anemoi.training.diagnostics.callbacks.plot][WARNING] - Skipping 2 plot parameters not present in model outputs (data): ['landcover', 'orography']
[2026-02-01 22:14:05,284][anemoi.training.diagnostics.callbacks.plot][WARNING] - Skipping 1 plot parameters not present in model outputs (data): ['swdown']
[2026-02-01 22:22:09,344][anemoi.training.diagnostics.callbacks.plot][WARNING] - Skipping 2 plot parameters not present in model outputs (data): ['landcover', 'orography']
[2026-02-01 22:24:04,330][anemoi.training.diagnostics.callbacks.plot][WARNING] - Skipping 1 plot parameters not present in model outputs (data): ['swdown']
[2026-02-01 22:28:02,014][anemoi.training.diagnostics.callbacks.plot][WARNING] - Skipping 2 plot parameters not present in model outputs (data): ['landcover', 'orography']
[2026-02-01 22:29:58,066][anemoi.training.diagnostics.callbacks.plot][WARNING] - Skipping 1 plot parameters not present in model outputs (data): ['swdown']
[2026-02-01 22:31:43,479][anemoi.training.diagnostics.callbacks.plot][WARNING] - Skipping 2 plot parameters not present in model outputs (data): ['landcover', 'orography']
[2026-02-01 22:31:45,832][anemoi.training.diagnostics.callbacks.plot][WARNING] - Skipping 1 plot parameters not present in model outputs (data): ['swdown']
[2026-02-01 22:31:50,729][anemoi.training.diagnostics.callbacks.plot][WARNING] - Skipping 2 plot parameters not present in model outputs (data): ['landcover', 'orography']
[2026-02-01 22:31:52,596][anemoi.training.diagnostics.callbacks.plot][WARNING] - Skipping 1 plot parameters not present in model outputs (data): ['swdown']
Error executing job with overrides: ['system.input.warm_start=/scratch3/NCEPDEV/fv3-cam/Ting.Lei/tlei-anemoi-training/checkpoint/0b1d843b-20a4-492d-a9ed-0a021e9d0370/inference-anemoi-by_epoch-epoch_2233-step_044680.ckpt', 'dataloader.training.datasets.data.start=2024-05-05T00:00:00', 'dataloader.training.datasets.data.end=2024-05-05T23:00:00', 'dataloader.validation.datasets.data.start=2024-05-05T00:00:00', 'dataloader.validation.datasets.data.end=2024-05-05T23:00:00', 'dataloader.test.datasets.data.start=2024-05-05T00:00:00', 'dataloader.test.datasets.data.end=2024-05-05T23:00:00', 'data.frequency=1h', 'dataloader.training.datasets.data.frequency=1h', 'dataloader.validation.datasets.data.frequency=1h', 'dataloader.test.datasets.data.frequency=1h', 'training.multistep_input=2', 'training.rollout.start=2', 'training.rollout.max=2', 'dataloader.validation_rollout=2', 'training.num_sanity_val_steps=0']
[rank0]: Traceback (most recent call last):
[rank0]:   File "/scratch3/NCEPDEV/fv3-cam/Ting.Lei/dr-miniconda3/envs/anemoi-training-env-python3.12/bin/anemoi-training", line 8, in <module>
[rank0]:     sys.exit(main())
[rank0]:              ^^^^^^
[rank0]:   File "/scratch3/NCEPDEV/fv3-cam/Ting.Lei/dr-anemoi-core/anemoi-core/training/src/anemoi/training/__main__.py", line 23, in main
[rank0]:     cli_main(__version__, __doc__, COMMANDS)
[rank0]:   File "/scratch3/NCEPDEV/fv3-cam/Ting.Lei/dr-miniconda3/envs/anemoi-training-env-python3.12/lib/python3.12/site-packages/anemoi/utils/cli.py", line 264, in cli_main
[rank0]:     cmd.run(args, unknown)
[rank0]:   File "/scratch3/NCEPDEV/fv3-cam/Ting.Lei/dr-anemoi-core/anemoi-core/training/src/anemoi/training/commands/train.py", line 80, in run
[rank0]:     main()
[rank0]:   File "/scratch3/NCEPDEV/fv3-cam/Ting.Lei/dr-anemoi-core/anemoi-core/training/src/anemoi/training/commands/train.py", line 91, in main
[rank0]:     anemoi_train()
[rank0]:   File "/scratch3/NCEPDEV/fv3-cam/Ting.Lei/dr-miniconda3/envs/anemoi-training-env-python3.12/lib/python3.12/site-packages/hydra/main.py", line 94, in decorated_main
[rank0]:     _run_hydra(
[rank0]:   File "/scratch3/NCEPDEV/fv3-cam/Ting.Lei/dr-miniconda3/envs/anemoi-training-env-python3.12/lib/python3.12/site-packages/hydra/_internal/utils.py", line 394, in _run_hydra
[rank0]:     _run_app(
[rank0]:   File "/scratch3/NCEPDEV/fv3-cam/Ting.Lei/dr-miniconda3/envs/anemoi-training-env-python3.12/lib/python3.12/site-packages/hydra/_internal/utils.py", line 457, in _run_app
[rank0]:     run_and_report(
[rank0]:   File "/scratch3/NCEPDEV/fv3-cam/Ting.Lei/dr-miniconda3/envs/anemoi-training-env-python3.12/lib/python3.12/site-packages/hydra/_internal/utils.py", line 223, in run_and_report
[rank0]:     raise ex
[rank0]:   File "/scratch3/NCEPDEV/fv3-cam/Ting.Lei/dr-miniconda3/envs/anemoi-training-env-python3.12/lib/python3.12/site-packages/hydra/_internal/utils.py", line 220, in run_and_report
[rank0]:     return func()
[rank0]:            ^^^^^^
[rank0]:   File "/scratch3/NCEPDEV/fv3-cam/Ting.Lei/dr-miniconda3/envs/anemoi-training-env-python3.12/lib/python3.12/site-packages/hydra/_internal/utils.py", line 458, in <lambda>
[rank0]:     lambda: hydra.run(
[rank0]:             ^^^^^^^^^^
[rank0]:   File "/scratch3/NCEPDEV/fv3-cam/Ting.Lei/dr-miniconda3/envs/anemoi-training-env-python3.12/lib/python3.12/site-packages/hydra/_internal/hydra.py", line 132, in run
[rank0]:     _ = ret.return_value
[rank0]:         ^^^^^^^^^^^^^^^^
[rank0]:   File "/scratch3/NCEPDEV/fv3-cam/Ting.Lei/dr-miniconda3/envs/anemoi-training-env-python3.12/lib/python3.12/site-packages/hydra/core/utils.py", line 260, in return_value
[rank0]:     raise self._return_value
[rank0]:   File "/scratch3/NCEPDEV/fv3-cam/Ting.Lei/dr-miniconda3/envs/anemoi-training-env-python3.12/lib/python3.12/site-packages/hydra/core/utils.py", line 186, in run_job
[rank0]:     ret.return_value = task_function(task_cfg)
[rank0]:                        ^^^^^^^^^^^^^^^^^^^^^^^
[rank0]:   File "/scratch3/NCEPDEV/fv3-cam/Ting.Lei/dr-anemoi-core/anemoi-core/training/src/anemoi/training/train/train.py", line 602, in main
[rank0]:     AnemoiTrainer(config).train()
[rank0]:   File "/scratch3/NCEPDEV/fv3-cam/Ting.Lei/dr-anemoi-core/anemoi-core/training/src/anemoi/training/train/train.py", line 592, in train
[rank0]:     trainer.fit(**self.fit_parameters)
[rank0]:   File "/scratch3/NCEPDEV/fv3-cam/Ting.Lei/dr-miniconda3/envs/anemoi-training-env-python3.12/lib/python3.12/site-packages/pytorch_lightning/trainer/trainer.py", line 561, in fit
[rank0]:     call._call_and_handle_interrupt(
[rank0]:   File "/scratch3/NCEPDEV/fv3-cam/Ting.Lei/dr-miniconda3/envs/anemoi-training-env-python3.12/lib/python3.12/site-packages/pytorch_lightning/trainer/call.py", line 47, in _call_and_handle_interrupt
[rank0]:     return trainer.strategy.launcher.launch(trainer_fn, *args, trainer=trainer, **kwargs)
[rank0]:            ^^^^^^^^^^^^^^^^^^^^^^^^^^^^^^^^^^^^^^^^^^^^^^^^^^^^^^^^^^^^^^^^^^^^^^^^^^^^^^
[rank0]:   File "/scratch3/NCEPDEV/fv3-cam/Ting.Lei/dr-miniconda3/envs/anemoi-training-env-python3.12/lib/python3.12/site-packages/pytorch_lightning/strategies/launchers/subprocess_script.py", line 105, in launch
[rank0]:     return function(*args, **kwargs)
[rank0]:            ^^^^^^^^^^^^^^^^^^^^^^^^^
[rank0]:   File "/scratch3/NCEPDEV/fv3-cam/Ting.Lei/dr-miniconda3/envs/anemoi-training-env-python3.12/lib/python3.12/site-packages/pytorch_lightning/trainer/trainer.py", line 599, in _fit_impl
[rank0]:     self._run(model, ckpt_path=ckpt_path)
[rank0]:   File "/scratch3/NCEPDEV/fv3-cam/Ting.Lei/dr-miniconda3/envs/anemoi-training-env-python3.12/lib/python3.12/site-packages/pytorch_lightning/trainer/trainer.py", line 1012, in _run
[rank0]:     results = self._run_stage()
[rank0]:               ^^^^^^^^^^^^^^^^^
[rank0]:   File "/scratch3/NCEPDEV/fv3-cam/Ting.Lei/dr-miniconda3/envs/anemoi-training-env-python3.12/lib/python3.12/site-packages/pytorch_lightning/trainer/trainer.py", line 1056, in _run_stage
[rank0]:     self.fit_loop.run()
[rank0]:   File "/scratch3/NCEPDEV/fv3-cam/Ting.Lei/dr-miniconda3/envs/anemoi-training-env-python3.12/lib/python3.12/site-packages/pytorch_lightning/loops/fit_loop.py", line 216, in run
[rank0]:     self.advance()
[rank0]:   File "/scratch3/NCEPDEV/fv3-cam/Ting.Lei/dr-miniconda3/envs/anemoi-training-env-python3.12/lib/python3.12/site-packages/pytorch_lightning/loops/fit_loop.py", line 455, in advance
[rank0]:     self.epoch_loop.run(self._data_fetcher)
[rank0]:   File "/scratch3/NCEPDEV/fv3-cam/Ting.Lei/dr-miniconda3/envs/anemoi-training-env-python3.12/lib/python3.12/site-packages/pytorch_lightning/loops/training_epoch_loop.py", line 153, in run
[rank0]:     self.on_advance_end(data_fetcher)
[rank0]:   File "/scratch3/NCEPDEV/fv3-cam/Ting.Lei/dr-miniconda3/envs/anemoi-training-env-python3.12/lib/python3.12/site-packages/pytorch_lightning/loops/training_epoch_loop.py", line 394, in on_advance_end
[rank0]:     self.val_loop.run()
[rank0]:   File "/scratch3/NCEPDEV/fv3-cam/Ting.Lei/dr-miniconda3/envs/anemoi-training-env-python3.12/lib/python3.12/site-packages/pytorch_lightning/loops/utilities.py", line 179, in _decorator
[rank0]:     return loop_run(self, *args, **kwargs)
[rank0]:            ^^^^^^^^^^^^^^^^^^^^^^^^^^^^^^^
[rank0]:   File "/scratch3/NCEPDEV/fv3-cam/Ting.Lei/dr-miniconda3/envs/anemoi-training-env-python3.12/lib/python3.12/site-packages/pytorch_lightning/loops/evaluation_loop.py", line 145, in run
[rank0]:     self._evaluation_step(batch, batch_idx, dataloader_idx, dataloader_iter)
[rank0]:   File "/scratch3/NCEPDEV/fv3-cam/Ting.Lei/dr-miniconda3/envs/anemoi-training-env-python3.12/lib/python3.12/site-packages/pytorch_lightning/loops/evaluation_loop.py", line 451, in _evaluation_step
[rank0]:     call._call_callback_hooks(trainer, hook_name, output, *hook_kwargs.values())
[rank0]:   File "/scratch3/NCEPDEV/fv3-cam/Ting.Lei/dr-miniconda3/envs/anemoi-training-env-python3.12/lib/python3.12/site-packages/pytorch_lightning/trainer/call.py", line 227, in _call_callback_hooks
[rank0]:     fn(trainer, trainer.lightning_module, *args, **kwargs)
[rank0]:   File "/scratch3/NCEPDEV/fv3-cam/Ting.Lei/dr-anemoi-core/anemoi-core/training/src/anemoi/training/diagnostics/callbacks/plot.py", line 738, in on_validation_batch_end
[rank0]:     batch = pl_module.allgather_batch(batch)
[rank0]:             ^^^^^^^^^^^^^^^^^^^^^^^^^^^^^^^^
[rank0]: TypeError: BaseGraphModule.allgather_batch() missing 2 required positional arguments: 'grid_indices' and 'grid_dim'
Epoch 0: 100%|██████████| 1/1 [46:53<00:00,  0.00it/s, train_multi_dataset_loss_step=1.080]

                                                          [A